<?xml version="1.0" encoding="UTF-8"?>
<!-- Generated by org.testng.reporters.JUnitXMLReporter -->
<testsuite ignored="0" hostname="pradeem-w10lt" failures="0" tests="6" name="Test" time="0.035" errors="0" timestamp="2021-12-29T15:31:33 IST">
  <testcase classname="practive.mavenjava.sampleTest" name="messanger" time="0.004"/>
  <testcase classname="practive.mavenjava.sampleTest" name="telegram" time="0.001"/>
  <testcase classname="practive.mavenjava.sampleTest" name="whatsapp" time="0.0"/>
  <testcase classname="practive.mavenjava.demoTest" name="harley" time="0.0"/>
  <testcase classname="practive.mavenjava.demoTest" name="mercedez" time="0.0"/>
  <testcase classname="practive.mavenjava.demoTest" name="triumph" time="0.0"/>
</testsuite> <!-- Test -->
