<?xml version="1.0" encoding="UTF-8"?>
<testng-results ignored="0" total="6" passed="6" failed="0" skipped="0">
  <reporter-output>
  </reporter-output>
  <suite started-at="2021-12-29T15:31:33 IST" name="Suite" finished-at="2021-12-29T15:31:33 IST" duration-ms="35">
    <groups>
    </groups>
    <test started-at="2021-12-29T15:31:33 IST" name="Test" finished-at="2021-12-29T15:31:33 IST" duration-ms="35">
      <class name="practive.mavenjava.demoTest">
        <test-method signature="harley()[pri:0, instance:practive.mavenjava.demoTest@a3d8174]" started-at="2021-12-29T15:31:33 IST" name="harley" finished-at="2021-12-29T15:31:33 IST" duration-ms="0" status="PASS">
          <reporter-output>
          </reporter-output>
        </test-method> <!-- harley -->
        <test-method signature="mercedez()[pri:0, instance:practive.mavenjava.demoTest@a3d8174]" started-at="2021-12-29T15:31:33 IST" name="mercedez" finished-at="2021-12-29T15:31:33 IST" duration-ms="0" status="PASS">
          <reporter-output>
          </reporter-output>
        </test-method> <!-- mercedez -->
        <test-method signature="triumph()[pri:0, instance:practive.mavenjava.demoTest@a3d8174]" started-at="2021-12-29T15:31:33 IST" name="triumph" finished-at="2021-12-29T15:31:33 IST" duration-ms="0" status="PASS">
          <reporter-output>
          </reporter-output>
        </test-method> <!-- triumph -->
      </class> <!-- practive.mavenjava.demoTest -->
      <class name="practive.mavenjava.sampleTest">
        <test-method signature="messanger()[pri:0, instance:practive.mavenjava.sampleTest@65f095f8]" started-at="2021-12-29T15:31:33 IST" name="messanger" finished-at="2021-12-29T15:31:33 IST" duration-ms="4" status="PASS">
          <reporter-output>
          </reporter-output>
        </test-method> <!-- messanger -->
        <test-method signature="telegram()[pri:0, instance:practive.mavenjava.sampleTest@65f095f8]" started-at="2021-12-29T15:31:33 IST" name="telegram" finished-at="2021-12-29T15:31:33 IST" duration-ms="1" status="PASS">
          <reporter-output>
          </reporter-output>
        </test-method> <!-- telegram -->
        <test-method signature="whatsapp()[pri:0, instance:practive.mavenjava.sampleTest@65f095f8]" started-at="2021-12-29T15:31:33 IST" name="whatsapp" finished-at="2021-12-29T15:31:33 IST" duration-ms="0" status="PASS">
          <reporter-output>
          </reporter-output>
        </test-method> <!-- whatsapp -->
      </class> <!-- practive.mavenjava.sampleTest -->
    </test> <!-- Test -->
  </suite> <!-- Suite -->
</testng-results>
